Found 1289 images belonging to 4 classes.
Found 319 images belonging to 4 classes.
Found 180 images belonging to 4 classes.
========= CIFAR-10 MODEL - TRIPLETS - NO AUGMENTATION =========
============== CIFAR-10-TRIPLETS-NO-AUG Based network ==============
Found 1289 images belonging to 4 classes.
Found 319 images belonging to 4 classes.
Found 180 images belonging to 4 classes.

 1/40 [..............................] - ETA: 1:33 - loss: 2.2633 - accuracy: 0.1875
 2/40 [>.............................] - ETA: 50s - loss: 2.2326 - accuracy: 0.2031 
 3/40 [=>............................] - ETA: 35s - loss: 2.0029 - accuracy: 0.2292
 4/40 [=>............................] - ETA: 28s - loss: 1.8751 - accuracy: 0.2422
 5/40 [==>...........................] - ETA: 23s - loss: 1.7838 - accuracy: 0.2500
 6/40 [===>..........................] - ETA: 20s - loss: 1.7067 - accuracy: 0.2604
 7/40 [====>.........................] - ETA: 18s - loss: 1.6625 - accuracy: 0.2723
 8/40 [====>.........................] - ETA: 16s - loss: 1.6301 - accuracy: 0.2578
 9/40 [=====>........................] - ETA: 15s - loss: 1.6029 - accuracy: 0.2778
10/40 [======>.......................] - ETA: 13s - loss: 1.5861 - accuracy: 0.2688
11/40 [=======>......................] - ETA: 12s - loss: 1.5770 - accuracy: 0.2642
12/40 [=======>......................] - ETA: 12s - loss: 1.5653 - accuracy: 0.2500
13/40 [========>.....................] - ETA: 11s - loss: 1.5575 - accuracy: 0.2404
14/40 [=========>....................] - ETA: 10s - loss: 1.5452 - accuracy: 0.2478
15/40 [==========>...................] - ETA: 9s - loss: 1.5369 - accuracy: 0.2479 
16/40 [==========>...................] - ETA: 9s - loss: 1.5278 - accuracy: 0.2500
17/40 [===========>..................] - ETA: 8s - loss: 1.5179 - accuracy: 0.2555
18/40 [============>.................] - ETA: 8s - loss: 1.5096 - accuracy: 0.2587
19/40 [=============>................] - ETA: 7s - loss: 1.5044 - accuracy: 0.2566
20/40 [=============>................] - ETA: 7s - loss: 1.4997 - accuracy: 0.2562
21/40 [==============>...............] - ETA: 6s - loss: 1.4939 - accuracy: 0.2604
22/40 [===============>..............] - ETA: 6s - loss: 1.4886 - accuracy: 0.2628
23/40 [================>.............] - ETA: 5s - loss: 1.4838 - accuracy: 0.2677
24/40 [================>.............] - ETA: 5s - loss: 1.4794 - accuracy: 0.2682
25/40 [=================>............] - ETA: 5s - loss: 1.4762 - accuracy: 0.2650
26/40 [==================>...........] - ETA: 4s - loss: 1.4728 - accuracy: 0.2658
27/40 [===================>..........] - ETA: 4s - loss: 1.4701 - accuracy: 0.2675
28/40 [===================>..........] - ETA: 4s - loss: 1.4671 - accuracy: 0.2669
29/40 [====================>.........] - ETA: 3s - loss: 1.4643 - accuracy: 0.2630
30/40 [=====================>........] - ETA: 3s - loss: 1.4620 - accuracy: 0.2604
31/40 [======================>.......] - ETA: 3s - loss: 1.4594 - accuracy: 0.2611
32/40 [======================>.......] - ETA: 2s - loss: 1.4574 - accuracy: 0.2597
33/40 [=======================>......] - ETA: 2s - loss: 1.4549 - accuracy: 0.2652
34/40 [========================>.....] - ETA: 1s - loss: 1.4528 - accuracy: 0.2657
35/40 [=========================>....] - ETA: 1s - loss: 1.4511 - accuracy: 0.2662
36/40 [=========================>....] - ETA: 1s - loss: 1.4494 - accuracy: 0.2666
37/40 [==========================>...] - ETA: 1s - loss: 1.4478 - accuracy: 0.2679
38/40 [===========================>..] - ETA: 0s - loss: 1.4462 - accuracy: 0.2657
39/40 [============================>.] - ETA: 0s - loss: 1.4449 - accuracy: 0.2637
40/40 [============================>.] - ETA: 0s - loss: 1.4436 - accuracy: 0.2625
41/40 [==============================] - 14s 353ms/step - loss: 1.4424 - accuracy: 0.2614 - val_loss: 1.3893 - val_accuracy: 0.3009

1/6 [====>.........................] - ETA: 1s - loss: 1.4012 - accuracy: 0.0000e+00
2/6 [=========>....................] - ETA: 0s - loss: 1.4030 - accuracy: 0.0000e+00
3/6 [==============>...............] - ETA: 0s - loss: 1.4018 - accuracy: 0.0521    
4/6 [===================>..........] - ETA: 0s - loss: 1.3938 - accuracy: 0.1484
5/6 [========================>.....] - ETA: 0s - loss: 1.3884 - accuracy: 0.2375
6/6 [==============================] - 1s 187ms/step - loss: 1.3846 - accuracy: 0.2778
Test loss: 1.3846101760864258
Test accuracy: 0.2777778
Saved trained model at C:/Users/ItamarGIP/PycharmProjects/Banana-Learning/saved_models\CIFAR-10-TRIPLETS-NO-AUG.h5 

1/6 [====>.........................] - ETA: 1s - loss: 1.4012 - accuracy: 0.0000e+00
2/6 [=========>....................] - ETA: 0s - loss: 1.4030 - accuracy: 0.0000e+00
3/6 [==============>...............] - ETA: 0s - loss: 1.4018 - accuracy: 0.0521    
4/6 [===================>..........] - ETA: 0s - loss: 1.3938 - accuracy: 0.1484
5/6 [========================>.....] - ETA: 0s - loss: 1.3884 - accuracy: 0.2375
6/6 [==============================] - 1s 138ms/step - loss: 1.3846 - accuracy: 0.2778
Test loss: 1.3846101760864258
Test accuracy: 0.2777778
========= CIFAR-10 MODEL - TRIPLETS - WITH AUGMENTATION =========
============== CIFAR-10-TRIPLETS--YES-AUG Based network ==============
Found 1289 images belonging to 4 classes.
Found 319 images belonging to 4 classes.
Found 180 images belonging to 4 classes.

 1/40 [..............................] - ETA: 27s - loss: 1.3866 - accuracy: 0.2500
 2/40 [>.............................] - ETA: 17s - loss: 1.3867 - accuracy: 0.2969
 3/40 [=>............................] - ETA: 14s - loss: 1.3877 - accuracy: 0.2812
 4/40 [=>............................] - ETA: 12s - loss: 1.3868 - accuracy: 0.2656
 5/40 [==>...........................] - ETA: 11s - loss: 1.3863 - accuracy: 0.2812
 6/40 [===>..........................] - ETA: 11s - loss: 1.3883 - accuracy: 0.2500
 7/40 [====>.........................] - ETA: 10s - loss: 1.3882 - accuracy: 0.2455
 8/40 [====>.........................] - ETA: 9s - loss: 1.3889 - accuracy: 0.2446 
 9/40 [=====>........................] - ETA: 8s - loss: 1.3890 - accuracy: 0.2415
10/40 [======>.......................] - ETA: 8s - loss: 1.3896 - accuracy: 0.2290
11/40 [=======>......................] - ETA: 7s - loss: 1.3891 - accuracy: 0.2401
12/40 [=======>......................] - ETA: 7s - loss: 1.3884 - accuracy: 0.2465
13/40 [========>.....................] - ETA: 7s - loss: 1.3884 - accuracy: 0.2468
14/40 [=========>....................] - ETA: 6s - loss: 1.3879 - accuracy: 0.2541
15/40 [==========>...................] - ETA: 6s - loss: 1.3875 - accuracy: 0.2626
16/40 [==========>...................] - ETA: 6s - loss: 1.3874 - accuracy: 0.2618
17/40 [===========>..................] - ETA: 6s - loss: 1.3869 - accuracy: 0.2687
18/40 [============>.................] - ETA: 5s - loss: 1.3866 - accuracy: 0.2694
19/40 [=============>................] - ETA: 5s - loss: 1.3867 - accuracy: 0.2667
20/40 [=============>................] - ETA: 5s - loss: 1.3866 - accuracy: 0.2674
21/40 [==============>...............] - ETA: 4s - loss: 1.3866 - accuracy: 0.2681
22/40 [===============>..............] - ETA: 4s - loss: 1.3864 - accuracy: 0.2731
23/40 [================>.............] - ETA: 4s - loss: 1.3867 - accuracy: 0.2693
24/40 [================>.............] - ETA: 4s - loss: 1.3867 - accuracy: 0.2685
25/40 [=================>............] - ETA: 3s - loss: 1.3867 - accuracy: 0.2664
26/40 [==================>...........] - ETA: 3s - loss: 1.3862 - accuracy: 0.2732
27/40 [===================>..........] - ETA: 3s - loss: 1.3861 - accuracy: 0.2735
28/40 [===================>..........] - ETA: 3s - loss: 1.3859 - accuracy: 0.2784
29/40 [====================>.........] - ETA: 2s - loss: 1.3862 - accuracy: 0.2751
30/40 [=====================>........] - ETA: 2s - loss: 1.3862 - accuracy: 0.2721
31/40 [======================>.......] - ETA: 2s - loss: 1.3860 - accuracy: 0.2714
32/40 [======================>.......] - ETA: 2s - loss: 1.3861 - accuracy: 0.2707
33/40 [=======================>......] - ETA: 1s - loss: 1.3864 - accuracy: 0.2701
34/40 [========================>.....] - ETA: 1s - loss: 1.3862 - accuracy: 0.2723
35/40 [=========================>....] - ETA: 1s - loss: 1.3863 - accuracy: 0.2680
36/40 [=========================>....] - ETA: 1s - loss: 1.3863 - accuracy: 0.2657
37/40 [==========================>...] - ETA: 0s - loss: 1.3865 - accuracy: 0.2653
38/40 [===========================>..] - ETA: 0s - loss: 1.3865 - accuracy: 0.2649
39/40 [============================>.] - ETA: 0s - loss: 1.3867 - accuracy: 0.2620
40/40 [============================>.] - ETA: 0s - loss: 1.3868 - accuracy: 0.2601
41/40 [==============================] - 13s 327ms/step - loss: 1.3868 - accuracy: 0.2576 - val_loss: 1.3899 - val_accuracy: 0.2790

1/6 [====>.........................] - ETA: 2s - loss: 1.3794 - accuracy: 0.1250
2/6 [=========>....................] - ETA: 1s - loss: 1.3876 - accuracy: 0.0938
3/6 [==============>...............] - ETA: 1s - loss: 1.3938 - accuracy: 0.0625
4/6 [===================>..........] - ETA: 0s - loss: 1.3946 - accuracy: 0.0469
5/6 [========================>.....] - ETA: 0s - loss: 1.3895 - accuracy: 0.1875
6/6 [==============================] - 2s 416ms/step - loss: 1.3849 - accuracy: 0.2722
Test loss: 1.3849331537882488
Test accuracy: 0.27222222
Saved trained model at C:/Users/ItamarGIP/PycharmProjects/Banana-Learning/saved_models\CIFAR-10-TRIPLETS--YES-AUG.h5 

1/6 [====>.........................] - ETA: 1s - loss: 1.3638 - accuracy: 0.2188
2/6 [=========>....................] - ETA: 0s - loss: 1.3837 - accuracy: 0.1094
3/6 [==============>...............] - ETA: 0s - loss: 1.3951 - accuracy: 0.1354
4/6 [===================>..........] - ETA: 0s - loss: 1.3863 - accuracy: 0.2734
5/6 [========================>.....] - ETA: 0s - loss: 1.3853 - accuracy: 0.2562
6/6 [==============================] - 1s 138ms/step - loss: 1.3855 - accuracy: 0.2278
Test loss: 1.3854785760243733
Test accuracy: 0.22777778
