=============== Transfer Leraning - No Augmentation ==============
============== Mobilenet_False ==============
Found 1289 images belonging to 4 classes.
Found 319 images belonging to 4 classes.

 1/40 [..............................] - ETA: 1:04 - loss: 1.4544 - accuracy: 0.2500
 2/40 [>.............................] - ETA: 37s - loss: 2.5881 - accuracy: 0.2500 
 3/40 [=>............................] - ETA: 28s - loss: 2.5775 - accuracy: 0.2604
 4/40 [=>............................] - ETA: 23s - loss: 2.3878 - accuracy: 0.2734
 5/40 [==>...........................] - ETA: 20s - loss: 2.1941 - accuracy: 0.2750
 6/40 [===>..........................] - ETA: 18s - loss: 2.0262 - accuracy: 0.3125
 7/40 [====>.........................] - ETA: 16s - loss: 1.9276 - accuracy: 0.3214
 8/40 [====>.........................] - ETA: 15s - loss: 1.8361 - accuracy: 0.3398
 9/40 [=====>........................] - ETA: 14s - loss: 1.7543 - accuracy: 0.3611
10/40 [======>.......................] - ETA: 13s - loss: 1.6719 - accuracy: 0.3906
11/40 [=======>......................] - ETA: 12s - loss: 1.6512 - accuracy: 0.3835
12/40 [=======>......................] - ETA: 11s - loss: 1.5861 - accuracy: 0.4089
13/40 [========>.....................] - ETA: 11s - loss: 1.5511 - accuracy: 0.4159
14/40 [=========>....................] - ETA: 10s - loss: 1.5158 - accuracy: 0.4219
15/40 [==========>...................] - ETA: 9s - loss: 1.4694 - accuracy: 0.4354 
16/40 [==========>...................] - ETA: 9s - loss: 1.4425 - accuracy: 0.4473
17/40 [===========>..................] - ETA: 8s - loss: 1.4166 - accuracy: 0.4540
18/40 [============>.................] - ETA: 8s - loss: 1.3834 - accuracy: 0.4670
19/40 [=============>................] - ETA: 7s - loss: 1.3526 - accuracy: 0.4836
20/40 [=============>................] - ETA: 7s - loss: 1.3191 - accuracy: 0.4922
21/40 [==============>...............] - ETA: 7s - loss: 1.2860 - accuracy: 0.5089
22/40 [===============>..............] - ETA: 6s - loss: 1.2642 - accuracy: 0.5110
23/40 [================>.............] - ETA: 6s - loss: 1.2457 - accuracy: 0.5161
24/40 [================>.............] - ETA: 5s - loss: 1.2233 - accuracy: 0.5235
25/40 [=================>............] - ETA: 5s - loss: 1.1939 - accuracy: 0.5354
26/40 [==================>...........] - ETA: 5s - loss: 1.1863 - accuracy: 0.5365
27/40 [===================>..........] - ETA: 4s - loss: 1.1662 - accuracy: 0.5446
28/40 [===================>..........] - ETA: 4s - loss: 1.1472 - accuracy: 0.5533
29/40 [====================>.........] - ETA: 3s - loss: 1.1373 - accuracy: 0.5569
30/40 [=====================>........] - ETA: 3s - loss: 1.1199 - accuracy: 0.5624
31/40 [======================>.......] - ETA: 3s - loss: 1.0985 - accuracy: 0.5707
32/40 [======================>.......] - ETA: 2s - loss: 1.0816 - accuracy: 0.5754
33/40 [=======================>......] - ETA: 2s - loss: 1.0611 - accuracy: 0.5847
34/40 [========================>.....] - ETA: 2s - loss: 1.0442 - accuracy: 0.5906
35/40 [=========================>....] - ETA: 1s - loss: 1.0238 - accuracy: 0.5998
36/40 [=========================>....] - ETA: 1s - loss: 1.0057 - accuracy: 0.6076
37/40 [==========================>...] - ETA: 1s - loss: 0.9870 - accuracy: 0.6150
38/40 [===========================>..] - ETA: 0s - loss: 0.9786 - accuracy: 0.6178
39/40 [============================>.] - ETA: 0s - loss: 0.9661 - accuracy: 0.6237
40/40 [============================>.] - ETA: 0s - loss: 0.9530 - accuracy: 0.6301
41/40 [==============================] - 14s 353ms/step - loss: 0.9399 - accuracy: 0.6362 - val_loss: 6.3367 - val_accuracy: 0.2633
Found 180 images belonging to 4 classes.

1/6 [====>.........................] - ETA: 4s - loss: 7.4286 - accuracy: 0.3125
2/6 [=========>....................] - ETA: 1s - loss: 6.7583 - accuracy: 0.2656
3/6 [==============>...............] - ETA: 1s - loss: 6.7576 - accuracy: 0.2708
4/6 [===================>..........] - ETA: 0s - loss: 6.6871 - accuracy: 0.2578
5/6 [========================>.....] - ETA: 0s - loss: 6.6940 - accuracy: 0.2375
6/6 [==============================] - 2s 285ms/step - loss: 6.6751 - accuracy: 0.2500
Test loss: 6.675052881240845
Test accuracy: 0.25
Saved trained model at C:/Users/ItamarGIP/PycharmProjects/Banana-Learning/saved_models\Mobilenet_False.h5 
============== GoogLeNetFalse ==============
Found 1289 images belonging to 4 classes.
Found 319 images belonging to 4 classes.

 1/40 [..............................] - ETA: 1:07 - loss: 1.4088 - accuracy: 0.2222
 2/40 [>.............................] - ETA: 1:06 - loss: 2.1501 - accuracy: 0.2439
 3/40 [=>............................] - ETA: 49s - loss: 2.2178 - accuracy: 0.2329 
 4/40 [=>............................] - ETA: 40s - loss: 2.0982 - accuracy: 0.1810
 5/40 [==>...........................] - ETA: 34s - loss: 1.9520 - accuracy: 0.2336
 6/40 [===>..........................] - ETA: 31s - loss: 1.8565 - accuracy: 0.2604
 7/40 [====>.........................] - ETA: 28s - loss: 1.7882 - accuracy: 0.2687
 8/40 [====>.........................] - ETA: 25s - loss: 1.7385 - accuracy: 0.2747
 9/40 [=====>........................] - ETA: 24s - loss: 1.6954 - accuracy: 0.2868
10/40 [======>.......................] - ETA: 22s - loss: 1.6688 - accuracy: 0.2727
11/40 [=======>......................] - ETA: 21s - loss: 1.6438 - accuracy: 0.2675
12/40 [=======>......................] - ETA: 19s - loss: 1.6180 - accuracy: 0.2825
13/40 [========>.....................] - ETA: 18s - loss: 1.6012 - accuracy: 0.2799
14/40 [=========>....................] - ETA: 17s - loss: 1.5832 - accuracy: 0.2753
15/40 [==========>...................] - ETA: 16s - loss: 1.5688 - accuracy: 0.2735
16/40 [==========>...................] - ETA: 15s - loss: 1.5569 - accuracy: 0.2761
17/40 [===========>..................] - ETA: 14s - loss: 1.5460 - accuracy: 0.2802
18/40 [============>.................] - ETA: 14s - loss: 1.5335 - accuracy: 0.2911
19/40 [=============>................] - ETA: 13s - loss: 1.5174 - accuracy: 0.2974
20/40 [=============>................] - ETA: 12s - loss: 1.5040 - accuracy: 0.3047
21/40 [==============>...............] - ETA: 11s - loss: 1.4926 - accuracy: 0.3097
22/40 [===============>..............] - ETA: 11s - loss: 1.4812 - accuracy: 0.3128
23/40 [================>.............] - ETA: 10s - loss: 1.4702 - accuracy: 0.3128
24/40 [================>.............] - ETA: 9s - loss: 1.4624 - accuracy: 0.3101 
25/40 [=================>............] - ETA: 9s - loss: 1.4642 - accuracy: 0.3218
26/40 [==================>...........] - ETA: 8s - loss: 1.4615 - accuracy: 0.3263
27/40 [===================>..........] - ETA: 7s - loss: 1.4536 - accuracy: 0.3341
28/40 [===================>..........] - ETA: 7s - loss: 1.4443 - accuracy: 0.3402
29/40 [====================>.........] - ETA: 6s - loss: 1.4405 - accuracy: 0.3425
30/40 [=====================>........] - ETA: 5s - loss: 1.4275 - accuracy: 0.3490
31/40 [======================>.......] - ETA: 5s - loss: 1.4198 - accuracy: 0.3498
32/40 [======================>.......] - ETA: 4s - loss: 1.4117 - accuracy: 0.3546
33/40 [=======================>......] - ETA: 4s - loss: 1.4040 - accuracy: 0.3582
34/40 [========================>.....] - ETA: 3s - loss: 1.3959 - accuracy: 0.3596
35/40 [=========================>....] - ETA: 2s - loss: 1.3894 - accuracy: 0.3582
36/40 [=========================>....] - ETA: 2s - loss: 1.3809 - accuracy: 0.3605
37/40 [==========================>...] - ETA: 1s - loss: 1.3720 - accuracy: 0.3661
38/40 [===========================>..] - ETA: 1s - loss: 1.3621 - accuracy: 0.3730
39/40 [============================>.] - ETA: 0s - loss: 1.3505 - accuracy: 0.3763
40/40 [============================>.] - ETA: 0s - loss: 1.3386 - accuracy: 0.3811
41/40 [==============================] - 25s 605ms/step - loss: 1.3311 - accuracy: 0.3863 - val_loss: 12.1134 - val_accuracy: 0.2508
Found 180 images belonging to 4 classes.

1/6 [====>.........................] - ETA: 8s - loss: 3395.2422 - accuracy: 0.2500
2/6 [=========>....................] - ETA: 3s - loss: 3395.2301 - accuracy: 0.2500
3/6 [==============>...............] - ETA: 2s - loss: 3929.6459 - accuracy: 0.2708
4/6 [===================>..........] - ETA: 1s - loss: 4166.4326 - accuracy: 0.2734
5/6 [========================>.....] - ETA: 0s - loss: 4247.2357 - accuracy: 0.2562
6/6 [==============================] - 3s 543ms/step - loss: 4252.2351 - accuracy: 0.2500
Test loss: 4252.2351481119795
Test accuracy: 0.25
Saved trained model at C:/Users/ItamarGIP/PycharmProjects/Banana-Learning/saved_models\GoogleNetFalse.h5 
=============== Transfer Leraning - No Augmentation ==============
============== Mobilenet_True ==============
Found 1289 images belonging to 4 classes.
Found 319 images belonging to 4 classes.

 1/40 [..............................] - ETA: 44s - loss: 1.4273 - accuracy: 0.3438
 2/40 [>.............................] - ETA: 27s - loss: 2.0362 - accuracy: 0.3125
 3/40 [=>............................] - ETA: 22s - loss: 2.1478 - accuracy: 0.3438
 4/40 [=>............................] - ETA: 19s - loss: 2.2075 - accuracy: 0.3203
 5/40 [==>...........................] - ETA: 17s - loss: 2.0629 - accuracy: 0.3125
 6/40 [===>..........................] - ETA: 15s - loss: 1.9524 - accuracy: 0.3125
 7/40 [====>.........................] - ETA: 14s - loss: 1.8575 - accuracy: 0.3214
 8/40 [====>.........................] - ETA: 13s - loss: 1.8004 - accuracy: 0.3164
 9/40 [=====>........................] - ETA: 12s - loss: 1.7751 - accuracy: 0.3090
10/40 [======>.......................] - ETA: 11s - loss: 1.7315 - accuracy: 0.3031
11/40 [=======>......................] - ETA: 11s - loss: 1.7027 - accuracy: 0.3011
12/40 [=======>......................] - ETA: 10s - loss: 1.6753 - accuracy: 0.3073
13/40 [========>.....................] - ETA: 10s - loss: 1.6632 - accuracy: 0.3029
14/40 [=========>....................] - ETA: 9s - loss: 1.6477 - accuracy: 0.3058 
15/40 [==========>...................] - ETA: 9s - loss: 1.6366 - accuracy: 0.3042
16/40 [==========>...................] - ETA: 8s - loss: 1.6154 - accuracy: 0.3105
17/40 [===========>..................] - ETA: 8s - loss: 1.6132 - accuracy: 0.3070
18/40 [============>.................] - ETA: 7s - loss: 1.5925 - accuracy: 0.3074
19/40 [=============>................] - ETA: 7s - loss: 1.5813 - accuracy: 0.3077
20/40 [=============>................] - ETA: 6s - loss: 1.5705 - accuracy: 0.3112
21/40 [==============>...............] - ETA: 6s - loss: 1.5533 - accuracy: 0.3205
22/40 [===============>..............] - ETA: 6s - loss: 1.5404 - accuracy: 0.3231
23/40 [================>.............] - ETA: 5s - loss: 1.5320 - accuracy: 0.3212
24/40 [================>.............] - ETA: 5s - loss: 1.5218 - accuracy: 0.3262
25/40 [=================>............] - ETA: 5s - loss: 1.5244 - accuracy: 0.3192
26/40 [==================>...........] - ETA: 4s - loss: 1.5190 - accuracy: 0.3164
27/40 [===================>..........] - ETA: 4s - loss: 1.5093 - accuracy: 0.3210
28/40 [===================>..........] - ETA: 4s - loss: 1.5052 - accuracy: 0.3184
29/40 [====================>.........] - ETA: 3s - loss: 1.4989 - accuracy: 0.3215
30/40 [=====================>........] - ETA: 3s - loss: 1.4982 - accuracy: 0.3223
31/40 [======================>.......] - ETA: 3s - loss: 1.4936 - accuracy: 0.3209
32/40 [======================>.......] - ETA: 2s - loss: 1.4870 - accuracy: 0.3207
33/40 [=======================>......] - ETA: 2s - loss: 1.4806 - accuracy: 0.3243
34/40 [========================>.....] - ETA: 2s - loss: 1.4745 - accuracy: 0.3277
35/40 [=========================>....] - ETA: 1s - loss: 1.4658 - accuracy: 0.3336
36/40 [=========================>....] - ETA: 1s - loss: 1.4587 - accuracy: 0.3348
37/40 [==========================>...] - ETA: 1s - loss: 1.4515 - accuracy: 0.3376
38/40 [===========================>..] - ETA: 0s - loss: 1.4439 - accuracy: 0.3412
39/40 [============================>.] - ETA: 0s - loss: 1.4375 - accuracy: 0.3453
40/40 [============================>.] - ETA: 0s - loss: 1.4286 - accuracy: 0.3516
41/40 [==============================] - 15s 377ms/step - loss: 1.4205 - accuracy: 0.3538 - val_loss: 2.5153 - val_accuracy: 0.2539
Found 180 images belonging to 4 classes.

1/6 [====>.........................] - ETA: 3s - loss: 5.9506 - accuracy: 0.1875
2/6 [=========>....................] - ETA: 1s - loss: 5.3391 - accuracy: 0.2344
3/6 [==============>...............] - ETA: 0s - loss: 5.1193 - accuracy: 0.2500
4/6 [===================>..........] - ETA: 0s - loss: 5.1357 - accuracy: 0.2422
5/6 [========================>.....] - ETA: 0s - loss: 5.2238 - accuracy: 0.2375
6/6 [==============================] - 1s 219ms/step - loss: 5.0284 - accuracy: 0.2500
Test loss: 5.028411149978638
Test accuracy: 0.25
Saved trained model at C:/Users/ItamarGIP/PycharmProjects/Banana-Learning/saved_models\Mobilenet_True.h5 
============== GoogLeNetTrue ==============
Found 1289 images belonging to 4 classes.
Found 319 images belonging to 4 classes.

 1/40 [..............................] - ETA: 1:13 - loss: 1.4226 - accuracy: 0.2812
 2/40 [>.............................] - ETA: 45s - loss: 2.2657 - accuracy: 0.2500 
 3/40 [=>............................] - ETA: 35s - loss: 2.3000 - accuracy: 0.2396
 4/40 [=>............................] - ETA: 30s - loss: 2.1212 - accuracy: 0.2266
 5/40 [==>...........................] - ETA: 27s - loss: 1.9747 - accuracy: 0.2375
 6/40 [===>..........................] - ETA: 24s - loss: 1.8728 - accuracy: 0.2552
 7/40 [====>.........................] - ETA: 23s - loss: 1.8114 - accuracy: 0.2589
 8/40 [====>.........................] - ETA: 21s - loss: 1.7646 - accuracy: 0.2500
 9/40 [=====>........................] - ETA: 20s - loss: 1.7210 - accuracy: 0.2604
10/40 [======>.......................] - ETA: 19s - loss: 1.6877 - accuracy: 0.2625
11/40 [=======>......................] - ETA: 18s - loss: 1.6638 - accuracy: 0.2614
12/40 [=======>......................] - ETA: 17s - loss: 1.6469 - accuracy: 0.2500
13/40 [========>.....................] - ETA: 16s - loss: 1.6268 - accuracy: 0.2572
14/40 [=========>....................] - ETA: 15s - loss: 1.6111 - accuracy: 0.2500
15/40 [==========>...................] - ETA: 14s - loss: 1.5960 - accuracy: 0.2438
16/40 [==========>...................] - ETA: 14s - loss: 1.5809 - accuracy: 0.2422
17/40 [===========>..................] - ETA: 13s - loss: 1.5742 - accuracy: 0.2371
18/40 [============>.................] - ETA: 12s - loss: 1.5623 - accuracy: 0.2361
19/40 [=============>................] - ETA: 12s - loss: 1.5559 - accuracy: 0.2336
20/40 [=============>................] - ETA: 11s - loss: 1.5505 - accuracy: 0.2359
21/40 [==============>...............] - ETA: 10s - loss: 1.5393 - accuracy: 0.2440
22/40 [===============>..............] - ETA: 10s - loss: 1.5335 - accuracy: 0.2457
23/40 [================>.............] - ETA: 9s - loss: 1.5287 - accuracy: 0.2446 
24/40 [================>.............] - ETA: 9s - loss: 1.5249 - accuracy: 0.2435
25/40 [=================>............] - ETA: 8s - loss: 1.5223 - accuracy: 0.2400
26/40 [==================>...........] - ETA: 7s - loss: 1.5205 - accuracy: 0.2356
27/40 [===================>..........] - ETA: 7s - loss: 1.5159 - accuracy: 0.2315
28/40 [===================>..........] - ETA: 6s - loss: 1.5122 - accuracy: 0.2288
29/40 [====================>.........] - ETA: 6s - loss: 1.5077 - accuracy: 0.2295
30/40 [=====================>........] - ETA: 5s - loss: 1.5046 - accuracy: 0.2284
31/40 [======================>.......] - ETA: 4s - loss: 1.5009 - accuracy: 0.2270
32/40 [======================>.......] - ETA: 4s - loss: 1.4966 - accuracy: 0.2268
33/40 [=======================>......] - ETA: 3s - loss: 1.4930 - accuracy: 0.2275
34/40 [========================>.....] - ETA: 3s - loss: 1.4917 - accuracy: 0.2282
35/40 [=========================>....] - ETA: 2s - loss: 1.4879 - accuracy: 0.2297
36/40 [=========================>....] - ETA: 2s - loss: 1.4843 - accuracy: 0.2312
37/40 [==========================>...] - ETA: 1s - loss: 1.4817 - accuracy: 0.2317
38/40 [===========================>..] - ETA: 1s - loss: 1.4817 - accuracy: 0.2305
39/40 [============================>.] - ETA: 0s - loss: 1.4796 - accuracy: 0.2327
40/40 [============================>.] - ETA: 0s - loss: 1.4777 - accuracy: 0.2307
41/40 [==============================] - 24s 587ms/step - loss: 1.4758 - accuracy: 0.2312 - val_loss: 8.5628 - val_accuracy: 0.2508
Found 180 images belonging to 4 classes.

1/6 [====>.........................] - ETA: 6s - loss: 59.0051 - accuracy: 0.1562
2/6 [=========>....................] - ETA: 2s - loss: 55.8536 - accuracy: 0.2344
3/6 [==============>...............] - ETA: 1s - loss: 53.9365 - accuracy: 0.1875
4/6 [===================>..........] - ETA: 0s - loss: 53.7614 - accuracy: 0.2031
5/6 [========================>.....] - ETA: 0s - loss: 52.3159 - accuracy: 0.2188
6/6 [==============================] - 2s 349ms/step - loss: 51.5400 - accuracy: 0.2500
Test loss: 51.54002126057943
Test accuracy: 0.25
Saved trained model at C:/Users/ItamarGIP/PycharmProjects/Banana-Learning/saved_models\GoogleNetTrue.h5 
