C:\Users\ItamarGIP\AppData\Local\Continuum\anaconda3\python.exe C:/Users/ItamarGIP/PycharmProjects/Banana-Learning/source/transfer_learning.py
Using TensorFlow backend.
C:\Users\ItamarGIP\AppData\Local\Continuum\anaconda3\lib\site-packages\keras_applications\mobilenet.py:207: UserWarning: `input_shape` is undefined or non-square, or `rows` is not in [128, 160, 192, 224]. Weights for input shape (224, 224) will be loaded as the default.
  warnings.warn('`input_shape` is undefined or non-square, '
WARNING:tensorflow:From C:\Users\ItamarGIP\AppData\Local\Continuum\anaconda3\lib\site-packages\keras\backend\tensorflow_backend.py:74: The name tf.get_default_graph is deprecated. Please use tf.compat.v1.get_default_graph instead.

WARNING:tensorflow:From C:\Users\ItamarGIP\AppData\Local\Continuum\anaconda3\lib\site-packages\keras\backend\tensorflow_backend.py:517: The name tf.placeholder is deprecated. Please use tf.compat.v1.placeholder instead.

WARNING:tensorflow:From C:\Users\ItamarGIP\AppData\Local\Continuum\anaconda3\lib\site-packages\keras\backend\tensorflow_backend.py:4138: The name tf.random_uniform is deprecated. Please use tf.random.uniform instead.

WARNING:tensorflow:From C:\Users\ItamarGIP\AppData\Local\Continuum\anaconda3\lib\site-packages\keras\backend\tensorflow_backend.py:174: The name tf.get_default_session is deprecated. Please use tf.compat.v1.get_default_session instead.

WARNING:tensorflow:From C:\Users\ItamarGIP\AppData\Local\Continuum\anaconda3\lib\site-packages\keras\backend\tensorflow_backend.py:181: The name tf.ConfigProto is deprecated. Please use tf.compat.v1.ConfigProto instead.

2019-11-02 13:18:36.073543: I tensorflow/core/platform/cpu_feature_guard.cc:142] Your CPU supports instructions that this TensorFlow binary was not compiled to use: AVX AVX2
2019-11-02 13:18:36.076200: I tensorflow/stream_executor/platform/default/dso_loader.cc:42] Successfully opened dynamic library nvcuda.dll
2019-11-02 13:18:36.165426: I tensorflow/core/common_runtime/gpu/gpu_device.cc:1640] Found device 0 with properties: 
name: GeForce GTX 1080 Ti major: 6 minor: 1 memoryClockRate(GHz): 1.6705
pciBusID: 0000:01:00.0
2019-11-02 13:18:36.165650: I tensorflow/stream_executor/platform/default/dlopen_checker_stub.cc:25] GPU libraries are statically linked, skip dlopen check.
2019-11-02 13:18:36.166351: I tensorflow/core/common_runtime/gpu/gpu_device.cc:1763] Adding visible gpu devices: 0
2019-11-02 13:18:36.710439: I tensorflow/core/common_runtime/gpu/gpu_device.cc:1181] Device interconnect StreamExecutor with strength 1 edge matrix:
2019-11-02 13:18:36.710602: I tensorflow/core/common_runtime/gpu/gpu_device.cc:1187]      0 
2019-11-02 13:18:36.710696: I tensorflow/core/common_runtime/gpu/gpu_device.cc:1200] 0:   N 
2019-11-02 13:18:36.711293: I tensorflow/core/common_runtime/gpu/gpu_device.cc:1326] Created TensorFlow device (/job:localhost/replica:0/task:0/device:GPU:0 with 8788 MB memory) -> physical GPU (device: 0, name: GeForce GTX 1080 Ti, pci bus id: 0000:01:00.0, compute capability: 6.1)
WARNING:tensorflow:From C:\Users\ItamarGIP\AppData\Local\Continuum\anaconda3\lib\site-packages\keras\backend\tensorflow_backend.py:1834: The name tf.nn.fused_batch_norm is deprecated. Please use tf.compat.v1.nn.fused_batch_norm instead.

Found 1428 images belonging to 4 classes.
WARNING:tensorflow:From C:\Users\ItamarGIP\AppData\Local\Continuum\anaconda3\lib\site-packages\keras\optimizers.py:790: The name tf.train.Optimizer is deprecated. Please use tf.compat.v1.train.Optimizer instead.

WARNING:tensorflow:From C:\Users\ItamarGIP\AppData\Local\Continuum\anaconda3\lib\site-packages\tensorflow\python\ops\math_grad.py:1250: add_dispatch_support.<locals>.wrapper (from tensorflow.python.ops.array_ops) is deprecated and will be removed in a future version.
Instructions for updating:
Use tf.where in 2.0, which has the same broadcast rule as np.where
Epoch 1/5

 1/44 [..............................] - ETA: 6:12 - loss: 1.4956 - acc: 0.2500
 2/44 [>.............................] - ETA: 3:39 - loss: 3.6631 - acc: 0.2031
 3/44 [=>............................] - ETA: 3:32 - loss: 3.5465 - acc: 0.1875
 4/44 [=>............................] - ETA: 3:26 - loss: 2.9682 - acc: 0.2344
 5/44 [==>...........................] - ETA: 3:19 - loss: 2.5853 - acc: 0.2812
 6/44 [===>..........................] - ETA: 3:14 - loss: 2.3289 - acc: 0.3177
 7/44 [===>..........................] - ETA: 3:07 - loss: 2.1216 - acc: 0.3527
 8/44 [====>.........................] - ETA: 3:02 - loss: 1.9616 - acc: 0.3633
 9/44 [=====>........................] - ETA: 2:56 - loss: 1.7921 - acc: 0.4201
10/44 [=====>........................] - ETA: 2:51 - loss: 1.6805 - acc: 0.4406
11/44 [======>.......................] - ETA: 2:46 - loss: 1.5677 - acc: 0.4688
12/44 [=======>......................] - ETA: 2:41 - loss: 1.4677 - acc: 0.4974
13/44 [=======>......................] - ETA: 2:36 - loss: 1.4279 - acc: 0.5072
14/44 [========>.....................] - ETA: 2:31 - loss: 1.3371 - acc: 0.5402
15/44 [=========>....................] - ETA: 2:26 - loss: 1.2667 - acc: 0.5667
16/44 [=========>....................] - ETA: 2:22 - loss: 1.2269 - acc: 0.5762
17/44 [==========>...................] - ETA: 2:17 - loss: 1.1633 - acc: 0.5974
18/44 [===========>..................] - ETA: 2:12 - loss: 1.1083 - acc: 0.6163
19/44 [===========>..................] - ETA: 2:07 - loss: 1.0570 - acc: 0.6349
20/44 [============>.................] - ETA: 2:02 - loss: 1.0080 - acc: 0.6516
21/44 [=============>................] - ETA: 1:57 - loss: 0.9605 - acc: 0.6682
22/44 [==============>...............] - ETA: 1:51 - loss: 0.9205 - acc: 0.6818
23/44 [==============>...............] - ETA: 1:46 - loss: 0.8845 - acc: 0.6943
24/44 [===============>..............] - ETA: 1:41 - loss: 0.8502 - acc: 0.7057
25/44 [================>.............] - ETA: 1:36 - loss: 0.8237 - acc: 0.7150
26/44 [================>.............] - ETA: 1:31 - loss: 0.7974 - acc: 0.7248
27/44 [=================>............] - ETA: 1:26 - loss: 0.7796 - acc: 0.7303
28/44 [==================>...........] - ETA: 1:21 - loss: 0.7689 - acc: 0.7366
29/44 [==================>...........] - ETA: 1:16 - loss: 0.7425 - acc: 0.7457
30/44 [===================>..........] - ETA: 1:11 - loss: 0.7182 - acc: 0.7542
31/44 [====================>.........] - ETA: 1:06 - loss: 0.6983 - acc: 0.7611
32/44 [====================>.........] - ETA: 1:01 - loss: 0.6916 - acc: 0.7646
33/44 [=====================>........] - ETA: 56s - loss: 0.6719 - acc: 0.7718 
34/44 [======================>.......] - ETA: 51s - loss: 0.6530 - acc: 0.7785
35/44 [======================>.......] - ETA: 46s - loss: 0.6361 - acc: 0.7839
36/44 [=======================>......] - ETA: 41s - loss: 0.6204 - acc: 0.7891
37/44 [========================>.....] - ETA: 36s - loss: 0.6070 - acc: 0.7931
38/44 [========================>.....] - ETA: 30s - loss: 0.5933 - acc: 0.7977
39/44 [=========================>....] - ETA: 25s - loss: 0.5845 - acc: 0.7989
40/44 [==========================>...] - ETA: 20s - loss: 0.5811 - acc: 0.8023
41/44 [==========================>...] - ETA: 15s - loss: 0.5677 - acc: 0.8064
42/44 [===========================>..] - ETA: 10s - loss: 0.5549 - acc: 0.8110
43/44 [============================>.] - ETA: 5s - loss: 0.5426 - acc: 0.8154 
44/44 [==============================] - 229s 5s/step - loss: 0.5311 - acc: 0.8196
Epoch 2/5

 1/44 [..............................] - ETA: 2:34 - loss: 0.0099 - acc: 1.0000
 2/44 [>.............................] - ETA: 3:10 - loss: 0.0120 - acc: 1.0000
 3/44 [=>............................] - ETA: 3:20 - loss: 0.0210 - acc: 1.0000
 4/44 [=>............................] - ETA: 3:21 - loss: 0.0165 - acc: 1.0000
 5/44 [==>...........................] - ETA: 3:20 - loss: 0.0580 - acc: 0.9938
 6/44 [===>..........................] - ETA: 3:18 - loss: 0.0863 - acc: 0.9792
 7/44 [===>..........................] - ETA: 3:15 - loss: 0.0780 - acc: 0.9821
 8/44 [====>.........................] - ETA: 3:10 - loss: 0.0696 - acc: 0.9844
 9/44 [=====>........................] - ETA: 3:06 - loss: 0.0720 - acc: 0.9826
10/44 [=====>........................] - ETA: 3:01 - loss: 0.0651 - acc: 0.9844
11/44 [======>.......................] - ETA: 2:56 - loss: 0.0637 - acc: 0.9830
12/44 [=======>......................] - ETA: 2:51 - loss: 0.0619 - acc: 0.9818
13/44 [=======>......................] - ETA: 2:46 - loss: 0.0574 - acc: 0.9832
14/44 [========>.....................] - ETA: 2:41 - loss: 0.1119 - acc: 0.9754
15/44 [=========>....................] - ETA: 2:35 - loss: 0.1079 - acc: 0.9750
16/44 [=========>....................] - ETA: 2:30 - loss: 0.1023 - acc: 0.9766
17/44 [==========>...................] - ETA: 2:25 - loss: 0.0969 - acc: 0.9779
18/44 [===========>..................] - ETA: 2:20 - loss: 0.1013 - acc: 0.9740
19/44 [===========>..................] - ETA: 2:15 - loss: 0.0964 - acc: 0.9753
20/44 [============>.................] - ETA: 2:10 - loss: 0.1006 - acc: 0.9703
21/44 [=============>................] - ETA: 2:04 - loss: 0.0974 - acc: 0.9717
22/44 [==============>...............] - ETA: 1:59 - loss: 0.0933 - acc: 0.9730
23/44 [==============>...............] - ETA: 1:54 - loss: 0.0896 - acc: 0.9742
24/44 [===============>..............] - ETA: 1:48 - loss: 0.0945 - acc: 0.9727
25/44 [================>.............] - ETA: 1:43 - loss: 0.0941 - acc: 0.9725
26/44 [================>.............] - ETA: 1:38 - loss: 0.0909 - acc: 0.9736
27/44 [=================>............] - ETA: 1:32 - loss: 0.0877 - acc: 0.9745
28/44 [==================>...........] - ETA: 1:27 - loss: 0.0854 - acc: 0.9754
29/44 [==================>...........] - ETA: 1:21 - loss: 0.0827 - acc: 0.9763
30/44 [===================>..........] - ETA: 1:16 - loss: 0.0916 - acc: 0.9740
31/44 [====================>.........] - ETA: 1:10 - loss: 0.1066 - acc: 0.9708
32/44 [====================>.........] - ETA: 1:05 - loss: 0.1038 - acc: 0.9717
33/44 [=====================>........] - ETA: 1:00 - loss: 0.1023 - acc: 0.9716
34/44 [======================>.......] - ETA: 54s - loss: 0.1036 - acc: 0.9715 
35/44 [======================>.......] - ETA: 49s - loss: 0.1052 - acc: 0.9714
36/44 [=======================>......] - ETA: 43s - loss: 0.1058 - acc: 0.9714
37/44 [========================>.....] - ETA: 38s - loss: 0.1058 - acc: 0.9713
38/44 [========================>.....] - ETA: 32s - loss: 0.1037 - acc: 0.9712
39/44 [=========================>....] - ETA: 27s - loss: 0.1015 - acc: 0.9720
40/44 [==========================>...] - ETA: 21s - loss: 0.1068 - acc: 0.9711
41/44 [==========================>...] - ETA: 16s - loss: 0.1043 - acc: 0.9718
42/44 [===========================>..] - ETA: 10s - loss: 0.1021 - acc: 0.9725
43/44 [============================>.] - ETA: 5s - loss: 0.0999 - acc: 0.9731 
44/44 [==============================] - 241s 5s/step - loss: 0.1010 - acc: 0.9723
Epoch 3/5

 1/44 [..............................] - ETA: 3:59 - loss: 0.2007 - acc: 0.9062
 2/44 [>.............................] - ETA: 3:08 - loss: 0.1323 - acc: 0.9531
 3/44 [=>............................] - ETA: 3:17 - loss: 0.0897 - acc: 0.9688
 4/44 [=>............................] - ETA: 3:21 - loss: 0.0683 - acc: 0.9766
 5/44 [==>...........................] - ETA: 3:20 - loss: 0.0776 - acc: 0.9750
 6/44 [===>..........................] - ETA: 3:18 - loss: 0.0662 - acc: 0.9792
 7/44 [===>..........................] - ETA: 3:13 - loss: 0.1016 - acc: 0.9643
 8/44 [====>.........................] - ETA: 3:08 - loss: 0.0940 - acc: 0.9688
 9/44 [=====>........................] - ETA: 3:04 - loss: 0.0911 - acc: 0.9688
10/44 [=====>........................] - ETA: 3:00 - loss: 0.0836 - acc: 0.9719
11/44 [======>.......................] - ETA: 2:55 - loss: 0.0769 - acc: 0.9744
12/44 [=======>......................] - ETA: 2:50 - loss: 0.0705 - acc: 0.9766
13/44 [=======>......................] - ETA: 2:43 - loss: 0.0665 - acc: 0.9784
14/44 [========>.....................] - ETA: 2:38 - loss: 0.0618 - acc: 0.9799
15/44 [=========>....................] - ETA: 2:32 - loss: 0.0580 - acc: 0.9812
16/44 [=========>....................] - ETA: 2:27 - loss: 0.0563 - acc: 0.9824
17/44 [==========>...................] - ETA: 2:22 - loss: 0.0530 - acc: 0.9835
18/44 [===========>..................] - ETA: 2:16 - loss: 0.0551 - acc: 0.9826
19/44 [===========>..................] - ETA: 2:11 - loss: 0.0523 - acc: 0.9836
20/44 [============>.................] - ETA: 2:05 - loss: 0.0498 - acc: 0.9844
21/44 [=============>................] - ETA: 2:00 - loss: 0.0475 - acc: 0.9851
22/44 [==============>...............] - ETA: 1:54 - loss: 0.0463 - acc: 0.9858
23/44 [==============>...............] - ETA: 1:49 - loss: 0.0451 - acc: 0.9864
24/44 [===============>..............] - ETA: 1:44 - loss: 0.0437 - acc: 0.9870
25/44 [================>.............] - ETA: 1:39 - loss: 0.0420 - acc: 0.9875
26/44 [================>.............] - ETA: 1:34 - loss: 0.0404 - acc: 0.9880
27/44 [=================>............] - ETA: 1:28 - loss: 0.0390 - acc: 0.9884
28/44 [==================>...........] - ETA: 1:23 - loss: 0.0380 - acc: 0.9888
29/44 [==================>...........] - ETA: 1:18 - loss: 0.0401 - acc: 0.9871
30/44 [===================>..........] - ETA: 1:12 - loss: 0.0389 - acc: 0.9875
31/44 [====================>.........] - ETA: 1:07 - loss: 0.0379 - acc: 0.9879
32/44 [====================>.........] - ETA: 1:02 - loss: 0.0369 - acc: 0.9883
33/44 [=====================>........] - ETA: 57s - loss: 0.0358 - acc: 0.9886 
34/44 [======================>.......] - ETA: 51s - loss: 0.0349 - acc: 0.9890
35/44 [======================>.......] - ETA: 46s - loss: 0.0413 - acc: 0.9875
36/44 [=======================>......] - ETA: 41s - loss: 0.0402 - acc: 0.9878
37/44 [========================>.....] - ETA: 36s - loss: 0.0392 - acc: 0.9882
38/44 [========================>.....] - ETA: 31s - loss: 0.0462 - acc: 0.9868
39/44 [=========================>....] - ETA: 25s - loss: 0.0450 - acc: 0.9872
40/44 [==========================>...] - ETA: 20s - loss: 0.0456 - acc: 0.9867
41/44 [==========================>...] - ETA: 15s - loss: 0.0445 - acc: 0.9870
42/44 [===========================>..] - ETA: 10s - loss: 0.0489 - acc: 0.9866
43/44 [============================>.] - ETA: 5s - loss: 0.0478 - acc: 0.9869 
44/44 [==============================] - 228s 5s/step - loss: 0.0468 - acc: 0.9872
Epoch 4/5

 1/44 [..............................] - ETA: 3:36 - loss: 0.0801 - acc: 0.9688
 2/44 [>.............................] - ETA: 3:39 - loss: 0.0440 - acc: 0.9844
 3/44 [=>............................] - ETA: 3:06 - loss: 0.0302 - acc: 0.9896
 4/44 [=>............................] - ETA: 3:08 - loss: 0.0256 - acc: 0.9922
 5/44 [==>...........................] - ETA: 3:05 - loss: 0.1718 - acc: 0.9750
 6/44 [===>..........................] - ETA: 3:02 - loss: 0.1460 - acc: 0.9792
 7/44 [===>..........................] - ETA: 3:00 - loss: 0.1488 - acc: 0.9732
 8/44 [====>.........................] - ETA: 2:56 - loss: 0.1317 - acc: 0.9766
 9/44 [=====>........................] - ETA: 2:53 - loss: 0.1193 - acc: 0.9792
10/44 [=====>........................] - ETA: 2:48 - loss: 0.1217 - acc: 0.9750
11/44 [======>.......................] - ETA: 2:43 - loss: 0.1283 - acc: 0.9716
12/44 [=======>......................] - ETA: 2:39 - loss: 0.1436 - acc: 0.9688
13/44 [=======>......................] - ETA: 2:35 - loss: 0.1410 - acc: 0.9688
14/44 [========>.....................] - ETA: 2:30 - loss: 0.1355 - acc: 0.9688
15/44 [=========>....................] - ETA: 2:25 - loss: 0.1297 - acc: 0.9688
16/44 [=========>....................] - ETA: 2:20 - loss: 0.1245 - acc: 0.9707
17/44 [==========>...................] - ETA: 2:15 - loss: 0.1178 - acc: 0.9724
18/44 [===========>..................] - ETA: 2:10 - loss: 0.1147 - acc: 0.9740
19/44 [===========>..................] - ETA: 2:05 - loss: 0.1096 - acc: 0.9753
20/44 [============>.................] - ETA: 2:01 - loss: 0.1072 - acc: 0.9750
21/44 [=============>................] - ETA: 1:56 - loss: 0.1263 - acc: 0.9688
22/44 [==============>...............] - ETA: 1:51 - loss: 0.1222 - acc: 0.9688
23/44 [==============>...............] - ETA: 1:46 - loss: 0.1204 - acc: 0.9688
24/44 [===============>..............] - ETA: 1:41 - loss: 0.1174 - acc: 0.9701
25/44 [================>.............] - ETA: 1:36 - loss: 0.1146 - acc: 0.9712
26/44 [================>.............] - ETA: 1:31 - loss: 0.1129 - acc: 0.9712
27/44 [=================>............] - ETA: 1:26 - loss: 0.1336 - acc: 0.9641
28/44 [==================>...........] - ETA: 1:21 - loss: 0.1297 - acc: 0.9654
29/44 [==================>...........] - ETA: 1:16 - loss: 0.1254 - acc: 0.9666
30/44 [===================>..........] - ETA: 1:10 - loss: 0.1215 - acc: 0.9677
31/44 [====================>.........] - ETA: 1:05 - loss: 0.1178 - acc: 0.9688
32/44 [====================>.........] - ETA: 1:00 - loss: 0.1148 - acc: 0.9697
33/44 [=====================>........] - ETA: 55s - loss: 0.1125 - acc: 0.9697 
34/44 [======================>.......] - ETA: 50s - loss: 0.1109 - acc: 0.9697
35/44 [======================>.......] - ETA: 45s - loss: 0.1088 - acc: 0.9696
36/44 [=======================>......] - ETA: 40s - loss: 0.1131 - acc: 0.9670
37/44 [========================>.....] - ETA: 35s - loss: 0.1103 - acc: 0.9679
38/44 [========================>.....] - ETA: 30s - loss: 0.1075 - acc: 0.9688
39/44 [=========================>....] - ETA: 25s - loss: 0.1067 - acc: 0.9696
40/44 [==========================>...] - ETA: 20s - loss: 0.1044 - acc: 0.9703
41/44 [==========================>...] - ETA: 15s - loss: 0.1024 - acc: 0.9710
42/44 [===========================>..] - ETA: 10s - loss: 0.1002 - acc: 0.9717
43/44 [============================>.] - ETA: 5s - loss: 0.0979 - acc: 0.9724 
44/44 [==============================] - 223s 5s/step - loss: 0.0960 - acc: 0.9730
Epoch 5/5

 1/44 [..............................] - ETA: 3:36 - loss: 5.1657e-04 - acc: 1.0000
 2/44 [>.............................] - ETA: 3:29 - loss: 0.0397 - acc: 0.9844    
 3/44 [=>............................] - ETA: 3:26 - loss: 0.0268 - acc: 0.9896
 4/44 [=>............................] - ETA: 3:02 - loss: 0.0209 - acc: 0.9922
 5/44 [==>...........................] - ETA: 3:01 - loss: 0.0177 - acc: 0.9938
 6/44 [===>..........................] - ETA: 2:59 - loss: 0.0148 - acc: 0.9948
 7/44 [===>..........................] - ETA: 2:55 - loss: 0.0308 - acc: 0.9866
 8/44 [====>.........................] - ETA: 2:52 - loss: 0.0270 - acc: 0.9883
 9/44 [=====>........................] - ETA: 2:48 - loss: 0.0240 - acc: 0.9896
10/44 [=====>........................] - ETA: 2:44 - loss: 0.0216 - acc: 0.9906
11/44 [======>.......................] - ETA: 2:40 - loss: 0.0218 - acc: 0.9886
12/44 [=======>......................] - ETA: 2:36 - loss: 0.0200 - acc: 0.9896
13/44 [=======>......................] - ETA: 2:31 - loss: 0.0380 - acc: 0.9880
14/44 [========>.....................] - ETA: 2:27 - loss: 0.0650 - acc: 0.9777
15/44 [=========>....................] - ETA: 2:22 - loss: 0.0642 - acc: 0.9771
16/44 [=========>....................] - ETA: 2:17 - loss: 0.0602 - acc: 0.9785
17/44 [==========>...................] - ETA: 2:13 - loss: 0.0584 - acc: 0.9798
18/44 [===========>..................] - ETA: 2:08 - loss: 0.0552 - acc: 0.9809
19/44 [===========>..................] - ETA: 2:03 - loss: 0.0524 - acc: 0.9819
20/44 [============>.................] - ETA: 1:58 - loss: 0.0586 - acc: 0.9797
21/44 [=============>................] - ETA: 1:53 - loss: 0.0567 - acc: 0.9807
22/44 [==============>...............] - ETA: 1:48 - loss: 0.0645 - acc: 0.9801
23/44 [==============>...............] - ETA: 1:43 - loss: 0.0648 - acc: 0.9783
24/44 [===============>..............] - ETA: 1:39 - loss: 0.0908 - acc: 0.9740
25/44 [================>.............] - ETA: 1:34 - loss: 0.0876 - acc: 0.9750
26/44 [================>.............] - ETA: 1:29 - loss: 0.0848 - acc: 0.9760
27/44 [=================>............] - ETA: 1:24 - loss: 0.0847 - acc: 0.9757
28/44 [==================>...........] - ETA: 1:19 - loss: 0.0940 - acc: 0.9743
29/44 [==================>...........] - ETA: 1:14 - loss: 0.0936 - acc: 0.9741
30/44 [===================>..........] - ETA: 1:09 - loss: 0.0969 - acc: 0.9740
31/44 [====================>.........] - ETA: 1:04 - loss: 0.0941 - acc: 0.9748
32/44 [====================>.........] - ETA: 59s - loss: 0.0933 - acc: 0.9746 
33/44 [=====================>........] - ETA: 54s - loss: 0.0909 - acc: 0.9754
34/44 [======================>.......] - ETA: 49s - loss: 0.0998 - acc: 0.9733
35/44 [======================>.......] - ETA: 44s - loss: 0.0974 - acc: 0.9741
36/44 [=======================>......] - ETA: 39s - loss: 0.0959 - acc: 0.9748
37/44 [========================>.....] - ETA: 34s - loss: 0.0945 - acc: 0.9747
38/44 [========================>.....] - ETA: 29s - loss: 0.0927 - acc: 0.9753
39/44 [=========================>....] - ETA: 24s - loss: 0.0905 - acc: 0.9760
40/44 [==========================>...] - ETA: 19s - loss: 0.0929 - acc: 0.9750
41/44 [==========================>...] - ETA: 14s - loss: 0.0923 - acc: 0.9748
42/44 [===========================>..] - ETA: 9s - loss: 0.0902 - acc: 0.9754 
43/44 [============================>.] - ETA: 4s - loss: 0.0882 - acc: 0.9760
44/44 [==============================] - 219s 5s/step - loss: 0.0865 - acc: 0.9766

Process finished with exit code 0
