2020-04-17 01:41:30.300941: I tensorflow/stream_executor/platform/default/dso_loader.cc:44] Successfully opened dynamic library libcuda.so.1
2020-04-17 01:41:30.713574: I tensorflow/core/common_runtime/gpu/gpu_device.cc:1618] Found device 0 with properties: 
name: GeForce GTX 1080 Ti major: 6 minor: 1 memoryClockRate(GHz): 1.582
pciBusID: 0000:02:00.0
2020-04-17 01:41:30.718492: I tensorflow/stream_executor/platform/default/dso_loader.cc:44] Successfully opened dynamic library libcudart.so.10.0
2020-04-17 01:41:30.721570: I tensorflow/stream_executor/platform/default/dso_loader.cc:44] Successfully opened dynamic library libcublas.so.10.0
2020-04-17 01:41:30.724557: I tensorflow/stream_executor/platform/default/dso_loader.cc:44] Successfully opened dynamic library libcufft.so.10.0
2020-04-17 01:41:30.733724: I tensorflow/stream_executor/platform/default/dso_loader.cc:44] Successfully opened dynamic library libcurand.so.10.0
2020-04-17 01:41:30.737208: I tensorflow/stream_executor/platform/default/dso_loader.cc:44] Successfully opened dynamic library libcusolver.so.10.0
2020-04-17 01:41:30.740214: I tensorflow/stream_executor/platform/default/dso_loader.cc:44] Successfully opened dynamic library libcusparse.so.10.0
2020-04-17 01:41:30.759858: I tensorflow/stream_executor/platform/default/dso_loader.cc:44] Successfully opened dynamic library libcudnn.so.7
2020-04-17 01:41:30.761614: I tensorflow/core/common_runtime/gpu/gpu_device.cc:1746] Adding visible gpu devices: 0
2020-04-17 01:41:30.762227: I tensorflow/core/platform/cpu_feature_guard.cc:142] Your CPU supports instructions that this TensorFlow binary was not compiled to use: SSE4.1 SSE4.2 AVX AVX2 FMA
2020-04-17 01:41:30.773598: I tensorflow/core/platform/profile_utils/cpu_utils.cc:94] CPU Frequency: 3600020000 Hz
2020-04-17 01:41:30.775132: I tensorflow/compiler/xla/service/service.cc:168] XLA service 0x55ac6f582520 executing computations on platform Host. Devices:
2020-04-17 01:41:30.775170: I tensorflow/compiler/xla/service/service.cc:175]   StreamExecutor device (0): Host, Default Version
2020-04-17 01:41:30.776149: I tensorflow/core/common_runtime/gpu/gpu_device.cc:1618] Found device 0 with properties: 
name: GeForce GTX 1080 Ti major: 6 minor: 1 memoryClockRate(GHz): 1.582
pciBusID: 0000:02:00.0
2020-04-17 01:41:30.776200: I tensorflow/stream_executor/platform/default/dso_loader.cc:44] Successfully opened dynamic library libcudart.so.10.0
2020-04-17 01:41:30.776223: I tensorflow/stream_executor/platform/default/dso_loader.cc:44] Successfully opened dynamic library libcublas.so.10.0
2020-04-17 01:41:30.776241: I tensorflow/stream_executor/platform/default/dso_loader.cc:44] Successfully opened dynamic library libcufft.so.10.0
2020-04-17 01:41:30.776271: I tensorflow/stream_executor/platform/default/dso_loader.cc:44] Successfully opened dynamic library libcurand.so.10.0
2020-04-17 01:41:30.776291: I tensorflow/stream_executor/platform/default/dso_loader.cc:44] Successfully opened dynamic library libcusolver.so.10.0
2020-04-17 01:41:30.776309: I tensorflow/stream_executor/platform/default/dso_loader.cc:44] Successfully opened dynamic library libcusparse.so.10.0
2020-04-17 01:41:30.776326: I tensorflow/stream_executor/platform/default/dso_loader.cc:44] Successfully opened dynamic library libcudnn.so.7
2020-04-17 01:41:30.777788: I tensorflow/core/common_runtime/gpu/gpu_device.cc:1746] Adding visible gpu devices: 0
2020-04-17 01:41:30.777840: I tensorflow/stream_executor/platform/default/dso_loader.cc:44] Successfully opened dynamic library libcudart.so.10.0
2020-04-17 01:41:30.917515: I tensorflow/core/common_runtime/gpu/gpu_device.cc:1159] Device interconnect StreamExecutor with strength 1 edge matrix:
2020-04-17 01:41:30.917558: I tensorflow/core/common_runtime/gpu/gpu_device.cc:1165]      0 
2020-04-17 01:41:30.917568: I tensorflow/core/common_runtime/gpu/gpu_device.cc:1178] 0:   N 
2020-04-17 01:41:30.919427: I tensorflow/core/common_runtime/gpu/gpu_device.cc:1304] Created TensorFlow device (/job:localhost/replica:0/task:0/device:GPU:0 with 10470 MB memory) -> physical GPU (device: 0, name: GeForce GTX 1080 Ti, pci bus id: 0000:02:00.0, compute capability: 6.1)
2020-04-17 01:41:30.922267: I tensorflow/compiler/xla/service/service.cc:168] XLA service 0x55ac6fd09550 executing computations on platform CUDA. Devices:
2020-04-17 01:41:30.922288: I tensorflow/compiler/xla/service/service.cc:175]   StreamExecutor device (0): GeForce GTX 1080 Ti, Compute Capability 6.1
2020-04-17 01:41:43.645729: I tensorflow/stream_executor/platform/default/dso_loader.cc:44] Successfully opened dynamic library libcudnn.so.7
2020-04-17 01:41:44.942609: I tensorflow/stream_executor/platform/default/dso_loader.cc:44] Successfully opened dynamic library libcublas.so.10.0
