================== PREDICTION SUMMARY FOR CIFAR10_AC_NO_AUG ==================
53759_20180911_153308_RGB_Treat_A_25_plant_0.png : y_true = A y_res = A : True Prediction : Date 20180911
54092_20180923_145335_RGB_Treat_A_05_plant_0.png : y_true = A y_res = A : True Prediction : Date 20180923
54099_20180915_152602_RGB_Treat_A_05_plant_0.png : y_true = A y_res = A : True Prediction : Date 20180915
54091_20180912_160046_RGB_Treat_A_05_plant_0.png : y_true = A y_res = A : True Prediction : Date 20180912
54174_20180928_155154_RGB_Treat_A_15_plant_0.png : y_true = A y_res = A : True Prediction : Date 20180928
54179_20180918_150627_RGB_Treat_A_15_plant_0.png : y_true = A y_res = A : True Prediction : Date 20180918
53754_20180927_153038_RGB_Treat_A_25_plant_0.png : y_true = A y_res = A : True Prediction : Date 20180927
54178_20180917_153602_RGB_Treat_A_15_plant_0.png : y_true = A y_res = A : True Prediction : Date 20180917
54098_20180922_150246_RGB_Treat_A_05_plant_0.png : y_true = A y_res = A : True Prediction : Date 20180922
53751_20180917_153641_RGB_Treat_A_25_plant_0.png : y_true = A y_res = A : True Prediction : Date 20180917
54185_20180927_152957_RGB_Treat_A_15_plant_0.png : y_true = A y_res = A : True Prediction : Date 20180927
54090_20180918_150547_RGB_Treat_A_05_plant_0.png : y_true = A y_res = A : True Prediction : Date 20180918
53758_20180913_151248_RGB_Treat_A_25_plant_0.png : y_true = A y_res = A : True Prediction : Date 20180913
53765_20180924_153016_RGB_Treat_A_25_plant_0.png : y_true = A y_res = A : True Prediction : Date 20180924
54177_20180913_151203_RGB_Treat_A_15_plant_0.png : y_true = A y_res = A : True Prediction : Date 20180913
54184_20180925_150915_RGB_Treat_A_15_plant_0.png : y_true = A y_res = A : True Prediction : Date 20180925
54188_20180921_150113_RGB_Treat_A_15_plant_0.png : y_true = A y_res = A : True Prediction : Date 20180921
53752_20180920_151954_RGB_Treat_A_25_plant_0.png : y_true = A y_res = A : True Prediction : Date 20180920
53750_20180918_150726_RGB_Treat_A_25_plant_0.png : y_true = A y_res = A : True Prediction : Date 20180918
53764_20180912_160157_RGB_Treat_A_25_plant_0.png : y_true = A y_res = C : False Prediction : Date 20180912
54187_20180911_153226_RGB_Treat_A_15_plant_0.png : y_true = A y_res = A : True Prediction : Date 20180911
54095_20180911_153150_RGB_Treat_A_05_plant_0.png : y_true = A y_res = A : True Prediction : Date 20180911
54100_20180914_150145_RGB_Treat_A_05_plant_0.png : y_true = A y_res = A : True Prediction : Date 20180914
54176_20180920_151906_RGB_Treat_A_15_plant_0.png : y_true = A y_res = A : True Prediction : Date 20180920
54089_20180921_150031_RGB_Treat_A_05_plant_0.png : y_true = A y_res = A : True Prediction : Date 20180921
54190_20180915_152639_RGB_Treat_A_15_plant_0.png : y_true = A y_res = A : True Prediction : Date 20180915
53756_20180926_155213_RGB_Treat_A_25_plant_0.png : y_true = A y_res = A : True Prediction : Date 20180926
53755_20180923_145415_RGB_Treat_A_25_plant_0.png : y_true = A y_res = A : True Prediction : Date 20180923
54182_20180924_152927_RGB_Treat_A_15_plant_0.png : y_true = A y_res = A : True Prediction : Date 20180924
54097_20180913_151120_RGB_Treat_A_05_plant_0.png : y_true = A y_res = A : True Prediction : Date 20180913
54093_20180916_145311_RGB_Treat_A_05_plant_0.png : y_true = A y_res = A : True Prediction : Date 20180916
54181_20180916_145351_RGB_Treat_A_15_plant_0.png : y_true = A y_res = A : True Prediction : Date 20180916
54189_20180914_150222_RGB_Treat_A_15_plant_0.png : y_true = A y_res = A : True Prediction : Date 20180914
54180_20180922_150332_RGB_Treat_A_15_plant_0.png : y_true = A y_res = A : True Prediction : Date 20180922
54096_20180924_152811_RGB_Treat_A_05_plant_0.png : y_true = A y_res = A : True Prediction : Date 20180924
54104_20180925_150703_RGB_Treat_A_05_plant_0.png : y_true = A y_res = A : True Prediction : Date 20180925
54186_20180926_155118_RGB_Treat_A_15_plant_0.png : y_true = A y_res = A : True Prediction : Date 20180926
53761_20180921_150155_RGB_Treat_A_25_plant_0.png : y_true = A y_res = A : True Prediction : Date 20180921
53757_20180928_155234_RGB_Treat_A_25_plant_0.png : y_true = A y_res = A : True Prediction : Date 20180928
53763_20180925_151005_RGB_Treat_A_25_plant_0.png : y_true = A y_res = C : False Prediction : Date 20180925
53753_20180922_150417_RGB_Treat_A_25_plant_0.png : y_true = A y_res = A : True Prediction : Date 20180922
53762_20180914_150300_RGB_Treat_A_25_plant_0.png : y_true = A y_res = A : True Prediction : Date 20180914
53749_20180916_145444_RGB_Treat_A_25_plant_0.png : y_true = A y_res = A : True Prediction : Date 20180916
53760_20180915_152719_RGB_Treat_A_25_plant_0.png : y_true = A y_res = A : True Prediction : Date 20180915
54105_20180927_152909_RGB_Treat_A_05_plant_0.png : y_true = A y_res = A : True Prediction : Date 20180927
54101_20180926_155016_RGB_Treat_A_05_plant_0.png : y_true = A y_res = A : True Prediction : Date 20180926
54103_20180928_155104_RGB_Treat_A_05_plant_0.png : y_true = A y_res = A : True Prediction : Date 20180928
54175_20180923_145356_RGB_Treat_A_15_plant_0.png : y_true = A y_res = A : True Prediction : Date 20180923
54102_20180920_151828_RGB_Treat_A_05_plant_0.png : y_true = A y_res = A : True Prediction : Date 20180920
54183_20180912_160122_RGB_Treat_A_15_plant_0.png : y_true = A y_res = A : True Prediction : Date 20180912
54094_20180917_153525_RGB_Treat_A_05_plant_0.png : y_true = A y_res = A : True Prediction : Date 20180917
54585_20180912_160514_RGB_Treat_C_05_plant_0.png : y_true = C y_res = C : True Prediction : Date 20180912
54588_20180926_155542_RGB_Treat_C_05_plant_0.png : y_true = C y_res = C : True Prediction : Date 20180926
54484_20180925_151402_RGB_Treat_C_15_plant_0.png : y_true = C y_res = C : True Prediction : Date 20180925
54487_20180918_151115_RGB_Treat_C_15_plant_0.png : y_true = C y_res = C : True Prediction : Date 20180918
54439_20180923_145717_RGB_Treat_C_25_plant_0.png : y_true = C y_res = A : False Prediction : Date 20180923
54494_20180916_145851_RGB_Treat_C_15_plant_0.png : y_true = C y_res = C : True Prediction : Date 20180916
54437_20180925_151441_RGB_Treat_C_25_plant_0.png : y_true = C y_res = C : True Prediction : Date 20180925
54488_20180913_151653_RGB_Treat_C_15_plant_0.png : y_true = C y_res = A : False Prediction : Date 20180913
54590_20180921_150445_RGB_Treat_C_05_plant_0.png : y_true = C y_res = C : True Prediction : Date 20180921
54442_20180928_155702_RGB_Treat_C_25_plant_0.png : y_true = C y_res = C : True Prediction : Date 20180928
54432_20180916_145946_RGB_Treat_C_25_plant_0.png : y_true = C y_res = C : True Prediction : Date 20180916
54593_20180916_145811_RGB_Treat_C_05_plant_0.png : y_true = C y_res = C : True Prediction : Date 20180916
54444_20180926_155704_RGB_Treat_C_25_plant_0.png : y_true = C y_res = C : True Prediction : Date 20180926
54591_20180923_145619_RGB_Treat_C_05_plant_0.png : y_true = C y_res = C : True Prediction : Date 20180923
54431_20180927_153528_RGB_Treat_C_25_plant_0.png : y_true = C y_res = C : True Prediction : Date 20180927
54489_20180923_145636_RGB_Treat_C_15_plant_0.png : y_true = C y_res = A : False Prediction : Date 20180923
54595_20180915_153037_RGB_Treat_C_05_plant_0.png : y_true = C y_res = C : True Prediction : Date 20180915
54592_20180928_155557_RGB_Treat_C_05_plant_0.png : y_true = C y_res = C : True Prediction : Date 20180928
54486_20180915_153116_RGB_Treat_C_15_plant_0.png : y_true = C y_res = C : True Prediction : Date 20180915
54436_20180921_150556_RGB_Treat_C_25_plant_0.png : y_true = C y_res = C : True Prediction : Date 20180921
54481_20180912_160552_RGB_Treat_C_15_plant_0.png : y_true = C y_res = C : True Prediction : Date 20180912
54491_20180926_155629_RGB_Treat_C_15_plant_0.png : y_true = C y_res = C : True Prediction : Date 20180926
54438_20180920_152426_RGB_Treat_C_25_plant_0.png : y_true = C y_res = C : True Prediction : Date 20180920
54485_20180914_150700_RGB_Treat_C_15_plant_0.png : y_true = C y_res = C : True Prediction : Date 20180914
54429_20180915_153156_RGB_Treat_C_25_plant_0.png : y_true = C y_res = C : True Prediction : Date 20180915
54430_20180924_153445_RGB_Treat_C_25_plant_0.png : y_true = C y_res = C : True Prediction : Date 20180924
54483_20180927_153453_RGB_Treat_C_15_plant_0.png : y_true = C y_res = C : True Prediction : Date 20180927
54598_20180920_152308_RGB_Treat_C_05_plant_0.png : y_true = C y_res = C : True Prediction : Date 20180920
54582_20180911_153611_RGB_Treat_C_05_plant_0.png : y_true = C y_res = C : True Prediction : Date 20180911
54597_20180914_150621_RGB_Treat_C_05_plant_0.png : y_true = C y_res = C : True Prediction : Date 20180914
54495_20180920_152347_RGB_Treat_C_15_plant_0.png : y_true = C y_res = C : True Prediction : Date 20180920
54441_20180912_160631_RGB_Treat_C_25_plant_0.png : y_true = C y_res = C : True Prediction : Date 20180912
54596_20180924_153328_RGB_Treat_C_05_plant_0.png : y_true = C y_res = C : True Prediction : Date 20180924
54480_20180924_153407_RGB_Treat_C_15_plant_0.png : y_true = C y_res = C : True Prediction : Date 20180924
54587_20180918_151038_RGB_Treat_C_05_plant_0.png : y_true = C y_res = C : True Prediction : Date 20180918
54496_20180917_154028_RGB_Treat_C_15_plant_0.png : y_true = C y_res = C : True Prediction : Date 20180917
54445_20180914_150741_RGB_Treat_C_25_plant_0.png : y_true = C y_res = A : False Prediction : Date 20180914
54434_20180917_154108_RGB_Treat_C_25_plant_0.png : y_true = C y_res = C : True Prediction : Date 20180917
54443_20180918_151152_RGB_Treat_C_25_plant_0.png : y_true = C y_res = C : True Prediction : Date 20180918
54440_20180911_153724_RGB_Treat_C_25_plant_0.png : y_true = C y_res = C : True Prediction : Date 20180911
54435_20180913_151738_RGB_Treat_C_25_plant_0.png : y_true = C y_res = C : True Prediction : Date 20180913
54586_20180917_153950_RGB_Treat_C_05_plant_0.png : y_true = C y_res = C : True Prediction : Date 20180917
54594_20180925_151323_RGB_Treat_C_05_plant_0.png : y_true = C y_res = C : True Prediction : Date 20180925
54492_20180911_153647_RGB_Treat_C_15_plant_0.png : y_true = C y_res = A : False Prediction : Date 20180911
54490_20180928_155630_RGB_Treat_C_15_plant_0.png : y_true = C y_res = C : True Prediction : Date 20180928
54493_20180922_150741_RGB_Treat_C_15_plant_0.png : y_true = C y_res = C : True Prediction : Date 20180922
54583_20180922_150708_RGB_Treat_C_05_plant_0.png : y_true = C y_res = C : True Prediction : Date 20180922
54433_20180922_150815_RGB_Treat_C_25_plant_0.png : y_true = C y_res = C : True Prediction : Date 20180922
54482_20180921_150520_RGB_Treat_C_15_plant_0.png : y_true = C y_res = C : True Prediction : Date 20180921
54584_20180913_151611_RGB_Treat_C_05_plant_0.png : y_true = C y_res = C : True Prediction : Date 20180913
54589_20180927_153415_RGB_Treat_C_05_plant_0.png : y_true = C y_res = C : True Prediction : Date 20180927
========= TRUE PREDICTION BY DATE =========
20180911  :  5
20180912  :  5
20180913  :  5
20180914  :  5
20180915  :  6
20180916  :  6
20180917  :  6
20180918  :  6
20180920  :  6
20180921  :  6
20180922  :  6
20180923  :  4
20180924  :  6
20180925  :  5
20180926  :  6
20180927  :  6
20180928  :  6
========= FALSE PREDICTION BY DATE =========
20180911  :  1
20180912  :  1
20180913  :  1
20180914  :  1
20180923  :  2
20180925  :  1
========= TOTAL PREDICTION SUMMARY CIFAR10_AC_NO_AUG=========
total : 102
total true: 95
total false: 7
accuracy = 0.9313725490196079
================== PREDICTION SUMMARY FOR CIFAR10_AC_YES_AUG ==================
53759_20180911_153308_RGB_Treat_A_25_plant_0.png : y_true = A y_res = C : False Prediction : Date 20180911
54092_20180923_145335_RGB_Treat_A_05_plant_0.png : y_true = A y_res = C : False Prediction : Date 20180923
54099_20180915_152602_RGB_Treat_A_05_plant_0.png : y_true = A y_res = A : True Prediction : Date 20180915
54091_20180912_160046_RGB_Treat_A_05_plant_0.png : y_true = A y_res = A : True Prediction : Date 20180912
54174_20180928_155154_RGB_Treat_A_15_plant_0.png : y_true = A y_res = A : True Prediction : Date 20180928
54179_20180918_150627_RGB_Treat_A_15_plant_0.png : y_true = A y_res = A : True Prediction : Date 20180918
53754_20180927_153038_RGB_Treat_A_25_plant_0.png : y_true = A y_res = A : True Prediction : Date 20180927
54178_20180917_153602_RGB_Treat_A_15_plant_0.png : y_true = A y_res = A : True Prediction : Date 20180917
54098_20180922_150246_RGB_Treat_A_05_plant_0.png : y_true = A y_res = C : False Prediction : Date 20180922
53751_20180917_153641_RGB_Treat_A_25_plant_0.png : y_true = A y_res = A : True Prediction : Date 20180917
54185_20180927_152957_RGB_Treat_A_15_plant_0.png : y_true = A y_res = A : True Prediction : Date 20180927
54090_20180918_150547_RGB_Treat_A_05_plant_0.png : y_true = A y_res = C : False Prediction : Date 20180918
53758_20180913_151248_RGB_Treat_A_25_plant_0.png : y_true = A y_res = C : False Prediction : Date 20180913
53765_20180924_153016_RGB_Treat_A_25_plant_0.png : y_true = A y_res = A : True Prediction : Date 20180924
54177_20180913_151203_RGB_Treat_A_15_plant_0.png : y_true = A y_res = A : True Prediction : Date 20180913
54184_20180925_150915_RGB_Treat_A_15_plant_0.png : y_true = A y_res = A : True Prediction : Date 20180925
54188_20180921_150113_RGB_Treat_A_15_plant_0.png : y_true = A y_res = A : True Prediction : Date 20180921
53752_20180920_151954_RGB_Treat_A_25_plant_0.png : y_true = A y_res = C : False Prediction : Date 20180920
53750_20180918_150726_RGB_Treat_A_25_plant_0.png : y_true = A y_res = C : False Prediction : Date 20180918
53764_20180912_160157_RGB_Treat_A_25_plant_0.png : y_true = A y_res = C : False Prediction : Date 20180912
54187_20180911_153226_RGB_Treat_A_15_plant_0.png : y_true = A y_res = A : True Prediction : Date 20180911
54095_20180911_153150_RGB_Treat_A_05_plant_0.png : y_true = A y_res = A : True Prediction : Date 20180911
54100_20180914_150145_RGB_Treat_A_05_plant_0.png : y_true = A y_res = A : True Prediction : Date 20180914
54176_20180920_151906_RGB_Treat_A_15_plant_0.png : y_true = A y_res = A : True Prediction : Date 20180920
54089_20180921_150031_RGB_Treat_A_05_plant_0.png : y_true = A y_res = A : True Prediction : Date 20180921
54190_20180915_152639_RGB_Treat_A_15_plant_0.png : y_true = A y_res = A : True Prediction : Date 20180915
53756_20180926_155213_RGB_Treat_A_25_plant_0.png : y_true = A y_res = A : True Prediction : Date 20180926
53755_20180923_145415_RGB_Treat_A_25_plant_0.png : y_true = A y_res = A : True Prediction : Date 20180923
54182_20180924_152927_RGB_Treat_A_15_plant_0.png : y_true = A y_res = A : True Prediction : Date 20180924
54097_20180913_151120_RGB_Treat_A_05_plant_0.png : y_true = A y_res = A : True Prediction : Date 20180913
54093_20180916_145311_RGB_Treat_A_05_plant_0.png : y_true = A y_res = A : True Prediction : Date 20180916
54181_20180916_145351_RGB_Treat_A_15_plant_0.png : y_true = A y_res = A : True Prediction : Date 20180916
54189_20180914_150222_RGB_Treat_A_15_plant_0.png : y_true = A y_res = A : True Prediction : Date 20180914
54180_20180922_150332_RGB_Treat_A_15_plant_0.png : y_true = A y_res = A : True Prediction : Date 20180922
54096_20180924_152811_RGB_Treat_A_05_plant_0.png : y_true = A y_res = A : True Prediction : Date 20180924
54104_20180925_150703_RGB_Treat_A_05_plant_0.png : y_true = A y_res = A : True Prediction : Date 20180925
54186_20180926_155118_RGB_Treat_A_15_plant_0.png : y_true = A y_res = A : True Prediction : Date 20180926
53761_20180921_150155_RGB_Treat_A_25_plant_0.png : y_true = A y_res = A : True Prediction : Date 20180921
53757_20180928_155234_RGB_Treat_A_25_plant_0.png : y_true = A y_res = C : False Prediction : Date 20180928
53763_20180925_151005_RGB_Treat_A_25_plant_0.png : y_true = A y_res = A : True Prediction : Date 20180925
53753_20180922_150417_RGB_Treat_A_25_plant_0.png : y_true = A y_res = A : True Prediction : Date 20180922
53762_20180914_150300_RGB_Treat_A_25_plant_0.png : y_true = A y_res = A : True Prediction : Date 20180914
53749_20180916_145444_RGB_Treat_A_25_plant_0.png : y_true = A y_res = A : True Prediction : Date 20180916
53760_20180915_152719_RGB_Treat_A_25_plant_0.png : y_true = A y_res = C : False Prediction : Date 20180915
54105_20180927_152909_RGB_Treat_A_05_plant_0.png : y_true = A y_res = A : True Prediction : Date 20180927
54101_20180926_155016_RGB_Treat_A_05_plant_0.png : y_true = A y_res = A : True Prediction : Date 20180926
54103_20180928_155104_RGB_Treat_A_05_plant_0.png : y_true = A y_res = A : True Prediction : Date 20180928
54175_20180923_145356_RGB_Treat_A_15_plant_0.png : y_true = A y_res = A : True Prediction : Date 20180923
54102_20180920_151828_RGB_Treat_A_05_plant_0.png : y_true = A y_res = C : False Prediction : Date 20180920
54183_20180912_160122_RGB_Treat_A_15_plant_0.png : y_true = A y_res = A : True Prediction : Date 20180912
54094_20180917_153525_RGB_Treat_A_05_plant_0.png : y_true = A y_res = A : True Prediction : Date 20180917
54585_20180912_160514_RGB_Treat_C_05_plant_0.png : y_true = C y_res = C : True Prediction : Date 20180912
54588_20180926_155542_RGB_Treat_C_05_plant_0.png : y_true = C y_res = C : True Prediction : Date 20180926
54484_20180925_151402_RGB_Treat_C_15_plant_0.png : y_true = C y_res = C : True Prediction : Date 20180925
54487_20180918_151115_RGB_Treat_C_15_plant_0.png : y_true = C y_res = C : True Prediction : Date 20180918
54439_20180923_145717_RGB_Treat_C_25_plant_0.png : y_true = C y_res = C : True Prediction : Date 20180923
54494_20180916_145851_RGB_Treat_C_15_plant_0.png : y_true = C y_res = C : True Prediction : Date 20180916
54437_20180925_151441_RGB_Treat_C_25_plant_0.png : y_true = C y_res = C : True Prediction : Date 20180925
54488_20180913_151653_RGB_Treat_C_15_plant_0.png : y_true = C y_res = C : True Prediction : Date 20180913
54590_20180921_150445_RGB_Treat_C_05_plant_0.png : y_true = C y_res = C : True Prediction : Date 20180921
54442_20180928_155702_RGB_Treat_C_25_plant_0.png : y_true = C y_res = C : True Prediction : Date 20180928
54432_20180916_145946_RGB_Treat_C_25_plant_0.png : y_true = C y_res = C : True Prediction : Date 20180916
54593_20180916_145811_RGB_Treat_C_05_plant_0.png : y_true = C y_res = C : True Prediction : Date 20180916
54444_20180926_155704_RGB_Treat_C_25_plant_0.png : y_true = C y_res = C : True Prediction : Date 20180926
54591_20180923_145619_RGB_Treat_C_05_plant_0.png : y_true = C y_res = C : True Prediction : Date 20180923
54431_20180927_153528_RGB_Treat_C_25_plant_0.png : y_true = C y_res = C : True Prediction : Date 20180927
54489_20180923_145636_RGB_Treat_C_15_plant_0.png : y_true = C y_res = C : True Prediction : Date 20180923
54595_20180915_153037_RGB_Treat_C_05_plant_0.png : y_true = C y_res = C : True Prediction : Date 20180915
54592_20180928_155557_RGB_Treat_C_05_plant_0.png : y_true = C y_res = C : True Prediction : Date 20180928
54486_20180915_153116_RGB_Treat_C_15_plant_0.png : y_true = C y_res = C : True Prediction : Date 20180915
54436_20180921_150556_RGB_Treat_C_25_plant_0.png : y_true = C y_res = C : True Prediction : Date 20180921
54481_20180912_160552_RGB_Treat_C_15_plant_0.png : y_true = C y_res = C : True Prediction : Date 20180912
54491_20180926_155629_RGB_Treat_C_15_plant_0.png : y_true = C y_res = C : True Prediction : Date 20180926
54438_20180920_152426_RGB_Treat_C_25_plant_0.png : y_true = C y_res = C : True Prediction : Date 20180920
54485_20180914_150700_RGB_Treat_C_15_plant_0.png : y_true = C y_res = C : True Prediction : Date 20180914
54429_20180915_153156_RGB_Treat_C_25_plant_0.png : y_true = C y_res = C : True Prediction : Date 20180915
54430_20180924_153445_RGB_Treat_C_25_plant_0.png : y_true = C y_res = C : True Prediction : Date 20180924
54483_20180927_153453_RGB_Treat_C_15_plant_0.png : y_true = C y_res = C : True Prediction : Date 20180927
54598_20180920_152308_RGB_Treat_C_05_plant_0.png : y_true = C y_res = C : True Prediction : Date 20180920
54582_20180911_153611_RGB_Treat_C_05_plant_0.png : y_true = C y_res = C : True Prediction : Date 20180911
54597_20180914_150621_RGB_Treat_C_05_plant_0.png : y_true = C y_res = C : True Prediction : Date 20180914
54495_20180920_152347_RGB_Treat_C_15_plant_0.png : y_true = C y_res = C : True Prediction : Date 20180920
54441_20180912_160631_RGB_Treat_C_25_plant_0.png : y_true = C y_res = C : True Prediction : Date 20180912
54596_20180924_153328_RGB_Treat_C_05_plant_0.png : y_true = C y_res = C : True Prediction : Date 20180924
54480_20180924_153407_RGB_Treat_C_15_plant_0.png : y_true = C y_res = C : True Prediction : Date 20180924
54587_20180918_151038_RGB_Treat_C_05_plant_0.png : y_true = C y_res = C : True Prediction : Date 20180918
54496_20180917_154028_RGB_Treat_C_15_plant_0.png : y_true = C y_res = C : True Prediction : Date 20180917
54445_20180914_150741_RGB_Treat_C_25_plant_0.png : y_true = C y_res = C : True Prediction : Date 20180914
54434_20180917_154108_RGB_Treat_C_25_plant_0.png : y_true = C y_res = C : True Prediction : Date 20180917
54443_20180918_151152_RGB_Treat_C_25_plant_0.png : y_true = C y_res = C : True Prediction : Date 20180918
54440_20180911_153724_RGB_Treat_C_25_plant_0.png : y_true = C y_res = C : True Prediction : Date 20180911
54435_20180913_151738_RGB_Treat_C_25_plant_0.png : y_true = C y_res = C : True Prediction : Date 20180913
54586_20180917_153950_RGB_Treat_C_05_plant_0.png : y_true = C y_res = C : True Prediction : Date 20180917
54594_20180925_151323_RGB_Treat_C_05_plant_0.png : y_true = C y_res = C : True Prediction : Date 20180925
54492_20180911_153647_RGB_Treat_C_15_plant_0.png : y_true = C y_res = C : True Prediction : Date 20180911
54490_20180928_155630_RGB_Treat_C_15_plant_0.png : y_true = C y_res = C : True Prediction : Date 20180928
54493_20180922_150741_RGB_Treat_C_15_plant_0.png : y_true = C y_res = C : True Prediction : Date 20180922
54583_20180922_150708_RGB_Treat_C_05_plant_0.png : y_true = C y_res = C : True Prediction : Date 20180922
54433_20180922_150815_RGB_Treat_C_25_plant_0.png : y_true = C y_res = C : True Prediction : Date 20180922
54482_20180921_150520_RGB_Treat_C_15_plant_0.png : y_true = C y_res = C : True Prediction : Date 20180921
54584_20180913_151611_RGB_Treat_C_05_plant_0.png : y_true = C y_res = C : True Prediction : Date 20180913
54589_20180927_153415_RGB_Treat_C_05_plant_0.png : y_true = C y_res = C : True Prediction : Date 20180927
========= TRUE PREDICTION BY DATE =========
20180911  :  5
20180912  :  5
20180913  :  5
20180914  :  6
20180915  :  5
20180916  :  6
20180917  :  6
20180918  :  4
20180920  :  4
20180921  :  6
20180922  :  5
20180923  :  5
20180924  :  6
20180925  :  6
20180926  :  6
20180927  :  6
20180928  :  5
========= FALSE PREDICTION BY DATE =========
20180911  :  1
20180912  :  1
20180913  :  1
20180915  :  1
20180918  :  2
20180920  :  2
20180922  :  1
20180923  :  1
20180928  :  1
========= TOTAL PREDICTION SUMMARY CIFAR10_AC_YES_AUG=========
total : 102
total true: 91
total false: 11
accuracy = 0.8921568627450981
