Running CNN with LR = 0.005 , opt =  RMS
Found 1428 images belonging to 4 classes.
Found 408 images belonging to 4 classes.
Input shape:  (504, 672)
Epoch 1/100

 1/44 [..............................] - ETA: 11:01 - loss: 1.3923 - acc: 0.1250
 2/44 [>.............................] - ETA: 5:33 - loss: 6.2848 - acc: 0.1406 
 3/44 [=>............................] - ETA: 3:43 - loss: 4.6685 - acc: 0.2188
 4/44 [=>............................] - ETA: 2:48 - loss: 3.8500 - acc: 0.2109
 5/44 [==>...........................] - ETA: 2:32 - loss: 3.3584 - acc: 0.2313
 6/44 [===>..........................] - ETA: 2:07 - loss: 3.0306 - acc: 0.2344
 7/44 [===>..........................] - ETA: 1:48 - loss: 2.7970 - acc: 0.2321
 8/44 [====>.........................] - ETA: 1:35 - loss: 2.6222 - acc: 0.2266
 9/44 [=====>........................] - ETA: 1:53 - loss: 2.4843 - acc: 0.2326
10/44 [=====>........................] - ETA: 1:41 - loss: 2.3759 - acc: 0.2188
11/44 [======>.......................] - ETA: 1:31 - loss: 2.2857 - acc: 0.2244
12/44 [=======>......................] - ETA: 1:22 - loss: 2.2100 - acc: 0.2318
13/44 [=======>......................] - ETA: 1:31 - loss: 2.1484 - acc: 0.2260
14/44 [========>.....................] - ETA: 1:23 - loss: 2.0936 - acc: 0.2344
15/44 [=========>....................] - ETA: 1:16 - loss: 2.0457 - acc: 0.2354
16/44 [=========>....................] - ETA: 1:09 - loss: 2.0058 - acc: 0.2324
17/44 [==========>...................] - ETA: 1:14 - loss: 1.9687 - acc: 0.2353
18/44 [===========>..................] - ETA: 1:08 - loss: 1.9364 - acc: 0.2413
19/44 [===========>..................] - ETA: 1:03 - loss: 1.9083 - acc: 0.2368
20/44 [============>.................] - ETA: 58s - loss: 1.8821 - acc: 0.2359 
21/44 [=============>................] - ETA: 1:01 - loss: 1.8591 - acc: 0.2351
22/44 [=============>................] - ETA: 56s - loss: 1.8380 - acc: 0.2315 
23/44 [==============>...............] - ETA: 52s - loss: 1.8182 - acc: 0.2337
24/44 [===============>..............] - ETA: 48s - loss: 1.8013 - acc: 0.2266
25/44 [===============>..............] - ETA: 49s - loss: 1.7846 - acc: 0.2263
26/44 [================>.............] - ETA: 45s - loss: 1.7696 - acc: 0.2224
27/44 [=================>............] - ETA: 41s - loss: 1.7554 - acc: 0.2234
28/44 [=================>............] - ETA: 38s - loss: 1.7424 - acc: 0.2232
29/44 [==================>...........] - ETA: 38s - loss: 1.7306 - acc: 0.2177
30/44 [===================>..........] - ETA: 35s - loss: 1.7190 - acc: 0.2208
31/44 [===================>..........] - ETA: 32s - loss: 1.7082 - acc: 0.2218
32/44 [====================>.........] - ETA: 28s - loss: 1.6984 - acc: 0.2217
33/44 [=====================>........] - ETA: 28s - loss: 1.6889 - acc: 0.2197
34/44 [=====================>........] - ETA: 25s - loss: 1.6801 - acc: 0.2206
35/44 [======================>.......] - ETA: 22s - loss: 1.6717 - acc: 0.2232
36/44 [=======================>......] - ETA: 19s - loss: 1.6641 - acc: 0.2205
37/44 [=======================>......] - ETA: 18s - loss: 1.6567 - acc: 0.2204
38/44 [========================>.....] - ETA: 15s - loss: 1.6495 - acc: 0.2212
39/44 [=========================>....] - ETA: 13s - loss: 1.6431 - acc: 0.2196
40/44 [=========================>....] - ETA: 10s - loss: 1.6365 - acc: 0.2219
41/44 [==========================>...] - ETA: 8s - loss: 1.6305 - acc: 0.2210 
42/44 [===========================>..] - ETA: 6s - loss: 1.6247 - acc: 0.2217
43/44 [===========================>..] - ETA: 3s - loss: 1.6192 - acc: 0.2217
44/44 [============================>.] - ETA: 1s - loss: 1.6141 - acc: 0.2195
45/44 [==============================] - 105s 2s/step - loss: 1.6091 - acc: 0.2190 - val_loss: 1.3864 - val_acc: 0.2500
Epoch 2/100

 1/44 [..............................] - ETA: 1:31 - loss: 1.3873 - acc: 0.3125
 2/44 [>.............................] - ETA: 1:12 - loss: 1.3890 - acc: 0.2500
 3/44 [=>............................] - ETA: 54s - loss: 1.3877 - acc: 0.2708 
 4/44 [=>............................] - ETA: 1:12 - loss: 1.3875 - acc: 0.2656
 5/44 [==>...........................] - ETA: 1:32 - loss: 1.3889 - acc: 0.2437
 6/44 [===>..........................] - ETA: 1:23 - loss: 1.3888 - acc: 0.2396
 7/44 [===>..........................] - ETA: 1:12 - loss: 1.3880 - acc: 0.2366
 8/44 [====>.........................] - ETA: 1:15 - loss: 1.3874 - acc: 0.2539
 9/44 [=====>........................] - ETA: 1:23 - loss: 1.3868 - acc: 0.2604
10/44 [=====>........................] - ETA: 1:16 - loss: 1.3871 - acc: 0.2625
11/44 [======>.......................] - ETA: 1:08 - loss: 1.3883 - acc: 0.2557
12/44 [=======>......................] - ETA: 1:08 - loss: 1.3883 - acc: 0.2526
13/44 [=======>......................] - ETA: 1:12 - loss: 1.3874 - acc: 0.2596
14/44 [========>.....................] - ETA: 1:06 - loss: 1.3876 - acc: 0.2567
15/44 [=========>....................] - ETA: 1:01 - loss: 1.3875 - acc: 0.2604
16/44 [=========>....................] - ETA: 1:00 - loss: 1.3880 - acc: 0.2578
17/44 [==========>...................] - ETA: 1:02 - loss: 1.3881 - acc: 0.2518
18/44 [===========>..................] - ETA: 57s - loss: 1.3876 - acc: 0.2622 
19/44 [===========>..................] - ETA: 53s - loss: 1.3878 - acc: 0.2599
20/44 [============>.................] - ETA: 52s - loss: 1.3877 - acc: 0.2562
21/44 [=============>................] - ETA: 52s - loss: 1.3873 - acc: 0.2560
22/44 [=============>................] - ETA: 49s - loss: 1.3872 - acc: 0.2543
23/44 [==============>...............] - ETA: 45s - loss: 1.3871 - acc: 0.2500
24/44 [===============>..............] - ETA: 43s - loss: 1.3879 - acc: 0.2513
25/44 [===============>..............] - ETA: 43s - loss: 1.3879 - acc: 0.2500
26/44 [================>.............] - ETA: 40s - loss: 1.3879 - acc: 0.2500
27/44 [=================>............] - ETA: 37s - loss: 1.3877 - acc: 0.2488
28/44 [=================>............] - ETA: 35s - loss: 1.3881 - acc: 0.2467
29/44 [==================>...........] - ETA: 34s - loss: 1.3884 - acc: 0.2457
30/44 [===================>..........] - ETA: 31s - loss: 1.3883 - acc: 0.2437
31/44 [===================>..........] - ETA: 28s - loss: 1.3881 - acc: 0.2460
32/44 [====================>.........] - ETA: 26s - loss: 1.3881 - acc: 0.2480
33/44 [=====================>........] - ETA: 25s - loss: 1.3881 - acc: 0.2481
34/44 [=====================>........] - ETA: 23s - loss: 1.3880 - acc: 0.2463
35/44 [======================>.......] - ETA: 20s - loss: 1.3878 - acc: 0.2482
36/44 [=======================>......] - ETA: 18s - loss: 1.3876 - acc: 0.2509
37/44 [=======================>......] - ETA: 16s - loss: 1.3876 - acc: 0.2483
38/44 [========================>.....] - ETA: 14s - loss: 1.3875 - acc: 0.2484
39/44 [=========================>....] - ETA: 11s - loss: 1.3874 - acc: 0.2500